<?xml version="1.0" encoding="UTF-8"?>
<testsuite name="org.example.MainTest" tests="1" skipped="0" failures="0" errors="0" timestamp="2024-09-17T03:07:08" hostname="nar1c0-CREM-WXX9" time="0.072">
  <properties/>
  <testcase name="main()" classname="org.example.MainTest" time="0.072"/>
  <system-out><![CDATA[Добро пожаловать в Блэкджэк!
Раунд 1
Дилер раздал карты
     Ваши карты: [Шестерка Треф (6), Восьмерка Треф (8)] => 14
     Карты дилера: [Пиковая Десятка (10), <закрытая карта>]
Ваш ход
-------
Введите “1”, чтобы взять карту, и “0”, чтобы остановиться...
Вы открыли Пиковый Туз (11)
     Ваши карты: [Шестерка Треф (6), Восьмерка Треф (8), Пиковый Туз (11)] => 25
     Карты дилера: [Пиковая Десятка (10), <закрытая карта>]
Вы проиграли раунд! Счёт 0:1.
]]></system-out>
  <system-err><![CDATA[]]></system-err>
</testsuite>
